<?xml version="1.0" encoding="UTF-8"?>
<!-- Generated by org.testng.reporters.JUnitReportReporter -->
<testsuite hostname="LTIN1901" name="orange.hrms.libs1.Tc002" tests="1" failures="0" timestamp="15 Oct 2020 14:14:19 GMT" time="26.391" errors="0">
  <testcase name="Tc002" time="26.391" classname="orange.hrms.libs1.Tc002"/>
</testsuite> <!-- orange.hrms.libs1.Tc002 -->
