<?xml version="1.0" encoding="UTF-8"?>
<!-- Generated by org.testng.reporters.JUnitReportReporter -->
<testsuite hostname="LTIN1901" name="orange.hrms.libs1.Tc0001" tests="1" failures="0" timestamp="15 Oct 2020 14:14:19 GMT" time="23.762" errors="0">
  <testcase name="Tc0001" time="23.762" classname="orange.hrms.libs1.Tc0001"/>
</testsuite> <!-- orange.hrms.libs1.Tc0001 -->
